#
# A fatal error has been detected by the Java Runtime Environment:
#
#  EXCEPTION_ACCESS_VIOLATION (0xc0000005) at pc=0x00000000621d2a31, pid=7368, tid=5776
#
# JRE version: Java(TM) SE Runtime Environment (8.0_51-b16) (build 1.8.0_51-b16)
# Java VM: Java HotSpot(TM) 64-Bit Server VM (25.51-b03 mixed mode windows-amd64 compressed oops)
# Problematic frame:
# V  [jvm.dll+0x112a31]
#
# Failed to write core dump. Minidumps are not enabled by default on client versions of Windows
#
# If you would like to submit a bug report, please visit:
#   http://bugreport.java.com/bugreport/crash.jsp
#

---------------  T H R E A D  ---------------

Current thread (0x000000000317b000):  GCTaskThread [stack: 0x0000000012e30000,0x0000000012f30000] [id=5776]

siginfo: ExceptionCode=0xc0000005, reading address 0x00000000b1ea1580

Registers:
RAX=0x0000000012f30000, RBX=0x00000000b1ea1578, RCX=0x0000000000000000, RDX=0x0000000000000001
RSP=0x0000000012f2f870, RBP=0x00000000f05f3afc, RSI=0x000000000324aa50, RDI=0x000000000324aa50
R8 =0x000000000008f50a, R9 =0x00000001000016d0, R10=0x000000000000000c, R11=0x00000000626b49c8
R12=0x00000000f05f3b00, R13=0x0000000100001938, R14=0x0000000100001940, R15=0x00000000f05f3af0
RIP=0x00000000621d2a31, EFLAGS=0x0000000000010202

Top of Stack: (sp=0x0000000012f2f870)
0x0000000012f2f870:   00000001000016d0 00000000f06072c4
0x0000000012f2f880:   000000000324aa50 00000000622d9932
0x0000000012f2f890:   0000000000000000 000000000317ba00
0x0000000012f2f8a0:   000000000316f790 000000000324aa50
0x0000000012f2f8b0:   0000000000000d55 00000000624af4a0
0x0000000012f2f8c0:   000000000324aa50 0000000012f2f9d9
0x0000000012f2f8d0:   000000000324aa50 0000000062705c28
0x0000000012f2f8e0:   00000000174b9748 0000000012f2f9d9
0x0000000012f2f8f0:   0000000000000000 0000000000000004
0x0000000012f2f900:   000000000324aa50 00000000621d1102
0x0000000012f2f910:   00000000a0008020 0000000000000000
0x0000000012f2f920:   0000000000000000 000000000316f790
0x0000000012f2f930:   000000000317ba10 000000000317ba00
0x0000000012f2f940:   0000000062705c28 000000000324aa50
0x0000000012f2f950:   0000000000000000 0000000012f2f9d9
0x0000000012f2f960:   0000000016aa5440 00000000624ac4a0 

Instructions: (pc=0x00000000621d2a31)
0x00000000621d2a11:   48 8b 05 58 16 6f 00 4a 8b 0c c0 48 0f a3 d1 0f
0x00000000621d2a21:   82 59 01 00 00 0f b6 15 b4 72 6e 00 84 d2 74 16
0x00000000621d2a31:   44 8b 43 08 8b 0d 6d dd 67 00 49 d3 e0 4c 03 05
0x00000000621d2a41:   5b dd 67 00 eb 04 4c 8b 43 08 45 8b 48 08 45 85 


Register to memory mapping:

RAX=0x0000000012f30000 is an unknown value
RBX=0x00000000b1ea1578 is an unallocated location in the heap
RCX=0x0000000000000000 is an unknown value
RDX=0x0000000000000001 is an unknown value
RSP=0x0000000012f2f870 is an unknown value
RBP=0x00000000f05f3afc is an unknown value
RSI=0x000000000324aa50 is an unknown value
RDI=0x000000000324aa50 is an unknown value
R8 =0x000000000008f50a is an unknown value
R9 =0x00000001000016d0 is pointing into metadata
R10=0x000000000000000c is an unknown value
R11=0x00000000626b49c8 is an unknown value
R12=0x00000000f05f3b00 is an oop

[error occurred during error reporting (printing register info), id 0xc0000005]

Stack: [0x0000000012e30000,0x0000000012f30000],  sp=0x0000000012f2f870,  free space=1022k
Native frames: (J=compiled Java code, j=interpreted, Vv=VM code, C=native code)
V  [jvm.dll+0x112a31]
V  [jvm.dll+0x3ef4a0]
V  [jvm.dll+0x3ec4a0]
V  [jvm.dll+0x3ea0ce]
V  [jvm.dll+0x29846a]
C  [msvcr100.dll+0x21d9f]
C  [msvcr100.dll+0x21e3b]
C  [KERNEL32.DLL+0x8364]
C  [ntdll.dll+0x670d1]


---------------  P R O C E S S  ---------------

Java Threads: ( => current thread )
  0x000000001db1a000 JavaThread "Stdin handler" [_thread_blocked, id=6412, stack(0x0000000022a70000,0x0000000022b70000)]
  0x000000001db15800 JavaThread "Asynchronous log dispatcher for DefaultDaemonConnection: socket connection from /127.0.0.1:14250 to /127.0.0.1:14262" [_thread_blocked, id=6436, stack(0x0000000021780000,0x0000000021880000)]
  0x000000001db17000 JavaThread "Cancel handler" [_thread_blocked, id=8852, stack(0x000000001ffd0000,0x00000000200d0000)]
  0x000000001db1a800 JavaThread "Handler for socket connection from /127.0.0.1:14250 to /127.0.0.1:14262" [_thread_in_native, id=3440, stack(0x000000001fc00000,0x000000001fd00000)]
  0x000000001db18800 JavaThread "pool-2-thread-1" [_thread_blocked, id=6884, stack(0x000000001f260000,0x000000001f360000)]
  0x000000001bab7000 JavaThread "File lock request listener" [_thread_in_native, id=5992, stack(0x000000001c460000,0x000000001c560000)]
  0x00000000195e0000 JavaThread "Daemon worker" [_thread_blocked, id=7444, stack(0x000000001af90000,0x000000001b090000)]
  0x0000000019d0e800 JavaThread "Daemon" [_thread_blocked, id=7876, stack(0x000000001ac90000,0x000000001ad90000)]
  0x0000000019ba2000 JavaThread "Incoming local TCP Connector on port 14250" [_thread_in_native, id=10256, stack(0x000000001a860000,0x000000001a960000)]
  0x0000000019a4a000 JavaThread "pool-1-thread-1" [_thread_blocked, id=4132, stack(0x000000001a1f0000,0x000000001a2f0000)]
  0x0000000018448800 JavaThread "Service Thread" daemon [_thread_blocked, id=8472, stack(0x0000000018820000,0x0000000018920000)]
  0x0000000016bdb800 JavaThread "C1 CompilerThread2" daemon [_thread_blocked, id=2884, stack(0x0000000018320000,0x0000000018420000)]
  0x0000000016bd3000 JavaThread "C2 CompilerThread1" daemon [_thread_blocked, id=9156, stack(0x0000000018220000,0x0000000018320000)]
  0x0000000016bcb800 JavaThread "C2 CompilerThread0" daemon [_thread_blocked, id=2160, stack(0x0000000018120000,0x0000000018220000)]
  0x0000000016bc9800 JavaThread "Attach Listener" daemon [_thread_blocked, id=8656, stack(0x0000000018020000,0x0000000018120000)]
  0x0000000016bc8000 JavaThread "Signal Dispatcher" daemon [_thread_blocked, id=2812, stack(0x0000000017f20000,0x0000000018020000)]
  0x0000000003256000 JavaThread "Finalizer" daemon [_thread_blocked, id=4136, stack(0x0000000017e20000,0x0000000017f20000)]
  0x000000000324d000 JavaThread "Reference Handler" daemon [_thread_blocked, id=4968, stack(0x0000000017d20000,0x0000000017e20000)]
  0x0000000003160800 JavaThread "main" [_thread_blocked, id=8952, stack(0x0000000003010000,0x0000000003110000)]

Other Threads:
  0x0000000016b98000 VMThread [stack: 0x0000000017c20000,0x0000000017d20000] [id=10956]
  0x0000000016c2e000 WatcherThread [stack: 0x0000000018920000,0x0000000018a20000] [id=10604]

=>0x000000000317b000 (exited) GCTaskThread [stack: 0x0000000012e30000,0x0000000012f30000] [id=5776]

VM state:at safepoint (normal execution)

VM Mutex/Monitor currently owned by a thread:  ([mutex/lock_event])
[0x000000000315c5b0] Threads_lock - owner thread: 0x0000000016b98000
[0x000000000315d240] Heap_lock - owner thread: 0x0000000016bdb800
[0x000000000315d6c0] MethodData_lock - owner thread: 0x0000000016bdb800

Heap:
 PSYoungGen      total 290304K, used 25569K [0x00000000e0000000, 0x00000000fc300000, 0x0000000100000000)
  eden space 264704K, 0% used [0x00000000e0000000,0x00000000e0000000,0x00000000f0280000)
  from space 25600K, 99% used [0x00000000f0280000,0x00000000f1b786a0,0x00000000f1b80000)
  to   space 32768K, 0% used [0x00000000fa300000,0x00000000fa300000,0x00000000fc300000)
 ParOldGen       total 171008K, used 32996K [0x00000000a0000000, 0x00000000aa700000, 0x00000000e0000000)
  object space 171008K, 19% used [0x00000000a0000000,0x00000000a20392e0,0x00000000aa700000)
 Metaspace       used 56660K, capacity 58896K, committed 58968K, reserved 1099776K
  class space    used 7789K, capacity 8261K, committed 8280K, reserved 1048576K

Card table byte_map: [0x0000000012620000,0x0000000012930000] byte_map_base: 0x0000000012120000

Marking Bits: (ParMarkBitMap*) 0x00000000628c4040
 Begin Bits: [0x0000000012f30000, 0x0000000014730000)
 End Bits:   [0x0000000014730000, 0x0000000015f30000)

Polling page: 0x0000000001840000

CodeCache: size=245760Kb used=22839Kb max_used=23116Kb free=222921Kb
 bounds [0x0000000003260000, 0x0000000004940000, 0x0000000012260000]
 total_blobs=7252 nmethods=6502 adapters=660
 compilation: enabled

Compilation events (10 events):
Event: 22.262 Thread 0x0000000016bdb800 7422       3       java.io.BufferedReader::<init> (62 bytes)
Event: 22.263 Thread 0x0000000016bdb800 nmethod 7422 0x00000000041688d0 code [0x0000000004168a60, 0x0000000004168f78]
Event: 22.265 Thread 0x0000000016bdb800 7423       3       com.sun.org.apache.xerces.internal.impl.XMLVersionDetector::fixupCurrentEntity (203 bytes)
Event: 22.266 Thread 0x0000000016bdb800 nmethod 7423 0x00000000036ed250 code [0x00000000036ed400, 0x00000000036eda28]
Event: 22.271 Thread 0x0000000016bdb800 7424       3       com.sun.xml.internal.stream.Entity$ScannedEntity::<init> (141 bytes)
Event: 22.271 Thread 0x0000000016bdb800 nmethod 7424 0x000000000379f1d0 code [0x000000000379f360, 0x000000000379f918]
Event: 22.273 Thread 0x0000000016bcb800 7425       4       com.sun.org.apache.xerces.internal.dom.DeferredDocumentImpl::getNodeValueString (417 bytes)
Event: 22.273 Thread 0x0000000016bdb800 7426       3       org.gradle.internal.resource.local.DefaultLocallyAvailableResource::<init> (10 bytes)
Event: 22.273 Thread 0x0000000016bdb800 nmethod 7426 0x0000000003bc0590 code [0x0000000003bc0700, 0x0000000003bc0930]
Event: 22.273 Thread 0x0000000016bdb800 7427       3       org.gradle.internal.resource.local.DefaultLocallyAvailableExternalResource::<init> (8 bytes)

GC Heap History (10 events):
Event: 15.169 GC heap after
Heap after GC invocations=5 (full 1):
 PSYoungGen      total 199680K, used 9572K [0x00000000e0000000, 0x00000000ed480000, 0x0000000100000000)
  eden space 189952K, 0% used [0x00000000e0000000,0x00000000e0000000,0x00000000eb980000)
  from space 9728K, 98% used [0x00000000ecb00000,0x00000000ed459080,0x00000000ed480000)
  to   space 10752K, 0% used [0x00000000ebf80000,0x00000000ebf80000,0x00000000eca00000)
 ParOldGen       total 111616K, used 17037K [0x00000000a0000000, 0x00000000a6d00000, 0x00000000e0000000)
  object space 111616K, 15% used [0x00000000a0000000,0x00000000a10a36a0,0x00000000a6d00000)
 Metaspace       used 34753K, capacity 35360K, committed 35416K, reserved 1079296K
  class space    used 4738K, capacity 4908K, committed 4952K, reserved 1048576K
}
Event: 15.169 GC heap before
{Heap before GC invocations=6 (full 2):
 PSYoungGen      total 199680K, used 9572K [0x00000000e0000000, 0x00000000ed480000, 0x0000000100000000)
  eden space 189952K, 0% used [0x00000000e0000000,0x00000000e0000000,0x00000000eb980000)
  from space 9728K, 98% used [0x00000000ecb00000,0x00000000ed459080,0x00000000ed480000)
  to   space 10752K, 0% used [0x00000000ebf80000,0x00000000ebf80000,0x00000000eca00000)
 ParOldGen       total 111616K, used 17037K [0x00000000a0000000, 0x00000000a6d00000, 0x00000000e0000000)
  object space 111616K, 15% used [0x00000000a0000000,0x00000000a10a36a0,0x00000000a6d00000)
 Metaspace       used 34753K, capacity 35360K, committed 35416K, reserved 1079296K
  class space    used 4738K, capacity 4908K, committed 4952K, reserved 1048576K
Event: 15.227 GC heap after
Heap after GC invocations=6 (full 2):
 PSYoungGen      total 199680K, used 0K [0x00000000e0000000, 0x00000000ed480000, 0x0000000100000000)
  eden space 189952K, 0% used [0x00000000e0000000,0x00000000e0000000,0x00000000eb980000)
  from space 9728K, 0% used [0x00000000ecb00000,0x00000000ecb00000,0x00000000ed480000)
  to   space 10752K, 0% used [0x00000000ebf80000,0x00000000ebf80000,0x00000000eca00000)
 ParOldGen       total 171008K, used 15812K [0x00000000a0000000, 0x00000000aa700000, 0x00000000e0000000)
  object space 171008K, 9% used [0x00000000a0000000,0x00000000a0f71230,0x00000000aa700000)
 Metaspace       used 34727K, capacity 35330K, committed 35416K, reserved 1079296K
  class space    used 4729K, capacity 4898K, committed 4952K, reserved 1048576K
}
Event: 17.573 GC heap before
{Heap before GC invocations=7 (full 2):
 PSYoungGen      total 199680K, used 189952K [0x00000000e0000000, 0x00000000ed480000, 0x0000000100000000)
  eden space 189952K, 100% used [0x00000000e0000000,0x00000000eb980000,0x00000000eb980000)
  from space 9728K, 0% used [0x00000000ecb00000,0x00000000ecb00000,0x00000000ed480000)
  to   space 10752K, 0% used [0x00000000ebf80000,0x00000000ebf80000,0x00000000eca00000)
 ParOldGen       total 171008K, used 15812K [0x00000000a0000000, 0x00000000aa700000, 0x00000000e0000000)
  object space 171008K, 9% used [0x00000000a0000000,0x00000000a0f71230,0x00000000aa700000)
 Metaspace       used 45899K, capacity 46890K, committed 46936K, reserved 1089536K
  class space    used 6207K, capacity 6469K, committed 6488K, reserved 1048576K
Event: 17.585 GC heap after
Heap after GC invocations=7 (full 2):
 PSYoungGen      total 206848K, used 10741K [0x00000000e0000000, 0x00000000f2e80000, 0x0000000100000000)
  eden space 196096K, 0% used [0x00000000e0000000,0x00000000e0000000,0x00000000ebf80000)
  from space 10752K, 99% used [0x00000000ebf80000,0x00000000ec9fd4e8,0x00000000eca00000)
  to   space 19456K, 0% used [0x00000000f1b80000,0x00000000f1b80000,0x00000000f2e80000)
 ParOldGen       total 171008K, used 21216K [0x00000000a0000000, 0x00000000aa700000, 0x00000000e0000000)
  object space 171008K, 12% used [0x00000000a0000000,0x00000000a14b81e8,0x00000000aa700000)
 Metaspace       used 45899K, capacity 46890K, committed 46936K, reserved 1089536K
  class space    used 6207K, capacity 6469K, committed 6488K, reserved 1048576K
}
Event: 19.642 GC heap before
{Heap before GC invocations=8 (full 2):
 PSYoungGen      total 206848K, used 206837K [0x00000000e0000000, 0x00000000f2e80000, 0x0000000100000000)
  eden space 196096K, 100% used [0x00000000e0000000,0x00000000ebf80000,0x00000000ebf80000)
  from space 10752K, 99% used [0x00000000ebf80000,0x00000000ec9fd4e8,0x00000000eca00000)
  to   space 19456K, 0% used [0x00000000f1b80000,0x00000000f1b80000,0x00000000f2e80000)
 ParOldGen       total 171008K, used 21216K [0x00000000a0000000, 0x00000000aa700000, 0x00000000e0000000)
  object space 171008K, 12% used [0x00000000a0000000,0x00000000a14b81e8,0x00000000aa700000)
 Metaspace       used 52738K, capacity 54320K, committed 54488K, reserved 1095680K
  class space    used 7265K, capacity 7608K, committed 7640K, reserved 1048576K
Event: 19.664 GC heap after
Heap after GC invocations=8 (full 2):
 PSYoungGen      total 284160K, used 19426K [0x00000000e0000000, 0x00000000f4a80000, 0x0000000100000000)
  eden space 264704K, 0% used [0x00000000e0000000,0x00000000e0000000,0x00000000f0280000)
  from space 19456K, 99% used [0x00000000f1b80000,0x00000000f2e78a98,0x00000000f2e80000)
  to   space 25600K, 0% used [0x00000000f0280000,0x00000000f0280000,0x00000000f1b80000)
 ParOldGen       total 171008K, used 26973K [0x00000000a0000000, 0x00000000aa700000, 0x00000000e0000000)
  object space 171008K, 15% used [0x00000000a0000000,0x00000000a1a57438,0x00000000aa700000)
 Metaspace       used 52738K, capacity 54320K, committed 54488K, reserved 1095680K
  class space    used 7265K, capacity 7608K, committed 7640K, reserved 1048576K
}
Event: 22.274 GC heap before
{Heap before GC invocations=9 (full 2):
 PSYoungGen      total 284160K, used 154344K [0x00000000e0000000, 0x00000000f4a80000, 0x0000000100000000)
  eden space 264704K, 50% used [0x00000000e0000000,0x00000000e83c17b0,0x00000000f0280000)
  from space 19456K, 99% used [0x00000000f1b80000,0x00000000f2e78a98,0x00000000f2e80000)
  to   space 25600K, 0% used [0x00000000f0280000,0x00000000f0280000,0x00000000f1b80000)
 ParOldGen       total 171008K, used 26973K [0x00000000a0000000, 0x00000000aa700000, 0x00000000e0000000)
  object space 171008K, 15% used [0x00000000a0000000,0x00000000a1a57438,0x00000000aa700000)
 Metaspace       used 56660K, capacity 58896K, committed 58968K, reserved 1099776K
  class space    used 7789K, capacity 8261K, committed 8280K, reserved 1048576K
Event: 22.305 GC heap after
Heap after GC invocations=9 (full 2):
 PSYoungGen      total 290304K, used 25569K [0x00000000e0000000, 0x00000000fc300000, 0x0000000100000000)
  eden space 264704K, 0% used [0x00000000e0000000,0x00000000e0000000,0x00000000f0280000)
  from space 25600K, 99% used [0x00000000f0280000,0x00000000f1b786a0,0x00000000f1b80000)
  to   space 32768K, 0% used [0x00000000fa300000,0x00000000fa300000,0x00000000fc300000)
 ParOldGen       total 171008K, used 32996K [0x00000000a0000000, 0x00000000aa700000, 0x00000000e0000000)
  object space 171008K, 19% used [0x00000000a0000000,0x00000000a20392e0,0x00000000aa700000)
 Metaspace       used 56660K, capacity 58896K, committed 58968K, reserved 1099776K
  class space    used 7789K, capacity 8261K, committed 8280K, reserved 1048576K
}
Event: 22.305 GC heap before
{Heap before GC invocations=10 (full 3):
 PSYoungGen      total 290304K, used 25569K [0x00000000e0000000, 0x00000000fc300000, 0x0000000100000000)
  eden space 264704K, 0% used [0x00000000e0000000,0x00000000e0000000,0x00000000f0280000)
  from space 25600K, 99% used [0x00000000f0280000,0x00000000f1b786a0,0x00000000f1b80000)
  to   space 32768K, 0% used [0x00000000fa300000,0x00000000fa300000,0x00000000fc300000)
 ParOldGen       total 171008K, used 32996K [0x00000000a0000000, 0x00000000aa700000, 0x00000000e0000000)
  object space 171008K, 19% used [0x00000000a0000000,0x00000000a20392e0,0x00000000aa700000)
 Metaspace       used 56660K, capacity 58896K, committed 58968K, reserved 1099776K
  class space    used 7789K, capacity 8261K, committed 8280K, reserved 1048576K

Deoptimization events (10 events):
Event: 19.406 Thread 0x00000000195e0000 Uncommon trap: reason=unstable_if action=reinterpret pc=0x00000000038a8b34 method=java.lang.String.lastIndexOf([CII[CIII)I @ 118
Event: 19.545 Thread 0x00000000195e0000 Uncommon trap: reason=class_check action=maybe_recompile pc=0x0000000003f0bb80 method=java.lang.Throwable.<init>(Ljava/lang/String;Ljava/lang/Throwable;)V @ 24
Event: 19.548 Thread 0x00000000195e0000 Uncommon trap: reason=class_check action=maybe_recompile pc=0x0000000003f0bb80 method=java.lang.Throwable.<init>(Ljava/lang/String;Ljava/lang/Throwable;)V @ 24
Event: 19.582 Thread 0x00000000195e0000 Uncommon trap: reason=class_check action=maybe_recompile pc=0x0000000003f0bb80 method=java.lang.Throwable.<init>(Ljava/lang/String;Ljava/lang/Throwable;)V @ 24
Event: 19.870 Thread 0x00000000195e0000 Uncommon trap: reason=class_check action=maybe_recompile pc=0x0000000003f0bb80 method=java.lang.Throwable.<init>(Ljava/lang/String;Ljava/lang/Throwable;)V @ 24
Event: 19.895 Thread 0x00000000195e0000 Uncommon trap: reason=unstable_if action=reinterpret pc=0x00000000046b174c method=java.lang.reflect.Executable.sharedToGenericString(IZ)Ljava/lang/String; @ 65
Event: 20.144 Thread 0x00000000195e0000 Uncommon trap: reason=unstable_if action=reinterpret pc=0x0000000003c4c850 method=java.lang.reflect.Proxy.isProxyClass(Ljava/lang/Class;)Z @ 6
Event: 20.297 Thread 0x000000001db18800 Uncommon trap: reason=unstable_if action=reinterpret pc=0x0000000004257480 method=java.nio.Buffer.limit(I)Ljava/nio/Buffer; @ 33
Event: 20.353 Thread 0x0000000019d0e800 Uncommon trap: reason=unstable_if action=reinterpret pc=0x0000000003b1a004 method=java.util.HashMap$HashIterator.<init>(Ljava/util/HashMap;)V @ 45
Event: 21.971 Thread 0x00000000195e0000 Uncommon trap: reason=range_check action=make_not_entrant pc=0x00000000042e5960 method=java.lang.String.charAt(I)C @ 27

Internal exceptions (10 events):
Event: 20.321 Thread 0x0000000019d0e800 Exception <a 'java/lang/NoSuchMethodError': <clinit>> (0x00000000e5d0d510) thrown at [C:\re\workspace\8-2-build-windows-amd64-cygwin\jdk8u51\3951\hotspot\src\share\vm\prims\jni.cpp, line 1598]
Event: 20.322 Thread 0x0000000019d0e800 Exception <a 'java/lang/NoSuchMethodError': <clinit>> (0x00000000e5d201d0) thrown at [C:\re\workspace\8-2-build-windows-amd64-cygwin\jdk8u51\3951\hotspot\src\share\vm\prims\jni.cpp, line 1598]
Event: 20.323 Thread 0x0000000019d0e800 Exception <a 'java/lang/NoSuchMethodError': <clinit>> (0x00000000e5d34630) thrown at [C:\re\workspace\8-2-build-windows-amd64-cygwin\jdk8u51\3951\hotspot\src\share\vm\prims\jni.cpp, line 1598]
Event: 20.326 Thread 0x0000000019d0e800 Exception <a 'java/lang/NoSuchMethodError': <clinit>> (0x00000000e5d43c70) thrown at [C:\re\workspace\8-2-build-windows-amd64-cygwin\jdk8u51\3951\hotspot\src\share\vm\prims\jni.cpp, line 1598]
Event: 20.327 Thread 0x0000000019d0e800 Exception <a 'java/lang/NoSuchMethodError': <clinit>> (0x00000000e5d4adb8) thrown at [C:\re\workspace\8-2-build-windows-amd64-cygwin\jdk8u51\3951\hotspot\src\share\vm\prims\jni.cpp, line 1598]
Event: 20.349 Thread 0x0000000019d0f000 Exception <a 'java/lang/NoSuchMethodError': <clinit>> (0x00000000e6116a28) thrown at [C:\re\workspace\8-2-build-windows-amd64-cygwin\jdk8u51\3951\hotspot\src\share\vm\prims\jni.cpp, line 1598]
Event: 21.944 Thread 0x000000001db1a800 Exception <a 'java/lang/NoSuchMethodError': <clinit>> (0x00000000e6584080) thrown at [C:\re\workspace\8-2-build-windows-amd64-cygwin\jdk8u51\3951\hotspot\src\share\vm\prims\jni.cpp, line 1598]
Event: 21.945 Thread 0x000000001db1a800 Exception <a 'java/lang/NoSuchMethodError': <clinit>> (0x00000000e659ca50) thrown at [C:\re\workspace\8-2-build-windows-amd64-cygwin\jdk8u51\3951\hotspot\src\share\vm\prims\jni.cpp, line 1598]
Event: 22.038 Thread 0x00000000195e0000 Exception <a 'java/lang/ClassNotFoundException': asLocalRepo1_5cdj03yhjcpm03u41tx79h4b3BeanInfo> (0x00000000e581ff80) thrown at [C:\re\workspace\8-2-build-windows-amd64-cygwin\jdk8u51\3951\hotspot\src\share\vm\classfile\systemDictionary.cpp, line 210]
Event: 22.038 Thread 0x00000000195e0000 Exception <a 'java/lang/ClassNotFoundException': asLocalRepo1_5cdj03yhjcpm03u41tx79h4b3Customizer> (0x00000000e582a618) thrown at [C:\re\workspace\8-2-build-windows-amd64-cygwin\jdk8u51\3951\hotspot\src\share\vm\classfile\systemDictionary.cpp, line 210]

Events (10 events):
Event: 22.077 Thread 0x00000000195e0000 DEOPT UNPACKING pc=0x00000000032a787f sp=0x000000001b08ac78 mode 0
Event: 22.207 Thread 0x00000000195e0000 DEOPT PACKING pc=0x0000000003e1e03e sp=0x000000001b08b500
Event: 22.207 Thread 0x00000000195e0000 DEOPT UNPACKING pc=0x00000000032a787f sp=0x000000001b08b280 mode 0
Event: 22.216 Thread 0x00000000195e0000 DEOPT PACKING pc=0x0000000003e1e03e sp=0x000000001b08b2a0
Event: 22.216 Thread 0x00000000195e0000 DEOPT UNPACKING pc=0x00000000032a787f sp=0x000000001b08b020 mode 0
Event: 22.258 Thread 0x00000000195e0000 DEOPT PACKING pc=0x0000000003e1e03e sp=0x000000001b08a4d0
Event: 22.258 Thread 0x00000000195e0000 DEOPT UNPACKING pc=0x00000000032a787f sp=0x000000001b08a250 mode 0
Event: 22.270 Thread 0x00000000195e0000 DEOPT PACKING pc=0x0000000003e1e03e sp=0x000000001b08a4d0
Event: 22.270 Thread 0x00000000195e0000 DEOPT UNPACKING pc=0x00000000032a787f sp=0x000000001b08a250 mode 0
Event: 22.273 Executing VM operation: CollectForMetadataAllocation


Dynamic libraries:
0x00007ff7dee20000 - 0x00007ff7dee57000 	C:\Program Files\Java\jdk1.8.0_51\bin\java.exe
0x00007ffdab160000 - 0x00007ffdab331000 	C:\WINDOWS\SYSTEM32\ntdll.dll
0x00007ffdaa470000 - 0x00007ffdaa51b000 	C:\WINDOWS\System32\KERNEL32.DLL
0x00007ffda7970000 - 0x00007ffda7b8d000 	C:\WINDOWS\System32\KERNELBASE.dll
0x00007ffdaa900000 - 0x00007ffdaa9a2000 	C:\WINDOWS\System32\ADVAPI32.dll
0x00007ffdaa6c0000 - 0x00007ffdaa75e000 	C:\WINDOWS\System32\msvcrt.dll
0x00007ffda9fd0000 - 0x00007ffdaa029000 	C:\WINDOWS\System32\sechost.dll
0x00007ffdaa520000 - 0x00007ffdaa641000 	C:\WINDOWS\System32\RPCRT4.dll
0x00007ffdaa190000 - 0x00007ffdaa2f5000 	C:\WINDOWS\System32\USER32.dll
0x00007ffda7f40000 - 0x00007ffda7f5e000 	C:\WINDOWS\System32\win32u.dll
0x00007ffda86f0000 - 0x00007ffda8724000 	C:\WINDOWS\System32\GDI32.dll
0x00007ffda7d40000 - 0x00007ffda7ec2000 	C:\WINDOWS\System32\gdi32full.dll
0x00007ffd9aef0000 - 0x00007ffd9b169000 	C:\WINDOWS\WinSxS\amd64_microsoft.windows.common-controls_6595b64144ccf1df_6.0.14393.447_none_42191651c6827bb3\COMCTL32.dll
0x00007ffda8740000 - 0x00007ffda8a08000 	C:\WINDOWS\System32\combase.dll
0x00007ffda7b90000 - 0x00007ffda7c85000 	C:\WINDOWS\System32\ucrtbase.dll
0x00007ffda7ed0000 - 0x00007ffda7f3a000 	C:\WINDOWS\System32\bcryptPrimitives.dll
0x00007ffda9f80000 - 0x00007ffda9fae000 	C:\WINDOWS\System32\IMM32.DLL
0x0000000063e60000 - 0x0000000063f32000 	C:\Program Files\Java\jdk1.8.0_51\jre\bin\msvcr100.dll
0x00000000620c0000 - 0x0000000062943000 	C:\Program Files\Java\jdk1.8.0_51\jre\bin\server\jvm.dll
0x00007ffdab150000 - 0x00007ffdab158000 	C:\WINDOWS\System32\PSAPI.DLL
0x00007ffd89a40000 - 0x00007ffd89a49000 	C:\WINDOWS\SYSTEM32\WSOCK32.dll
0x00007ffda5730000 - 0x00007ffda5753000 	C:\WINDOWS\SYSTEM32\WINMM.dll
0x00007ffdaa9b0000 - 0x00007ffdaaa1a000 	C:\WINDOWS\System32\WS2_32.dll
0x00007ffda2f90000 - 0x00007ffda2f9a000 	C:\WINDOWS\SYSTEM32\VERSION.dll
0x0000000002fe0000 - 0x000000000300b000 	C:\WINDOWS\SYSTEM32\WINMMBASE.dll
0x00007ffda7c90000 - 0x00007ffda7cd2000 	C:\WINDOWS\System32\cfgmgr32.dll
0x0000000063e50000 - 0x0000000063e5f000 	C:\Program Files\Java\jdk1.8.0_51\jre\bin\verify.dll
0x0000000063e20000 - 0x0000000063e49000 	C:\Program Files\Java\jdk1.8.0_51\jre\bin\java.dll
0x0000000063e00000 - 0x0000000063e16000 	C:\Program Files\Java\jdk1.8.0_51\jre\bin\zip.dll
0x00007ffda8a10000 - 0x00007ffda9f19000 	C:\WINDOWS\System32\SHELL32.dll
0x00007ffda8010000 - 0x00007ffda86ea000 	C:\WINDOWS\System32\windows.storage.dll
0x00007ffda75d0000 - 0x00007ffda761c000 	C:\WINDOWS\System32\powrprof.dll
0x00007ffda9f20000 - 0x00007ffda9f72000 	C:\WINDOWS\System32\shlwapi.dll
0x00007ffda7640000 - 0x00007ffda764f000 	C:\WINDOWS\System32\kernel.appcore.dll
0x00007ffda78c0000 - 0x00007ffda7969000 	C:\WINDOWS\System32\shcore.dll
0x00007ffda7620000 - 0x00007ffda7634000 	C:\WINDOWS\System32\profapi.dll
0x0000000063de0000 - 0x0000000063dfa000 	C:\Program Files\Java\jdk1.8.0_51\jre\bin\net.dll
0x00007ffda6ef0000 - 0x00007ffda6f4c000 	C:\WINDOWS\system32\mswsock.dll
0x0000000063dc0000 - 0x0000000063dd1000 	C:\Program Files\Java\jdk1.8.0_51\jre\bin\nio.dll
0x00007ffd8a080000 - 0x00007ffd8a09e000 	C:\Users\Sasu\.gradle\native\23\windows-amd64\native-platform.dll
0x00007ffda7090000 - 0x00007ffda70a7000 	C:\WINDOWS\SYSTEM32\CRYPTSP.dll
0x00007ffda6b00000 - 0x00007ffda6b33000 	C:\WINDOWS\system32\rsaenh.dll
0x00007ffda71a0000 - 0x00007ffda71cb000 	C:\WINDOWS\SYSTEM32\bcrypt.dll
0x00007ffda6d70000 - 0x00007ffda6d8f000 	C:\WINDOWS\SYSTEM32\USERENV.dll
0x00007ffda70b0000 - 0x00007ffda70bb000 	C:\WINDOWS\SYSTEM32\CRYPTBASE.dll
0x00007ffda6c80000 - 0x00007ffda6cb8000 	C:\WINDOWS\SYSTEM32\IPHLPAPI.DLL
0x00007ffda8730000 - 0x00007ffda8738000 	C:\WINDOWS\System32\NSI.dll
0x00007ffda2f70000 - 0x00007ffda2f86000 	C:\WINDOWS\SYSTEM32\dhcpcsvc6.DLL
0x00007ffda2ea0000 - 0x00007ffda2eba000 	C:\WINDOWS\SYSTEM32\dhcpcsvc.DLL
0x0000000063db0000 - 0x0000000063dbd000 	C:\Program Files\Java\jdk1.8.0_51\jre\bin\management.dll
0x00007ffd99b30000 - 0x00007ffd99cc2000 	C:\WINDOWS\SYSTEM32\dbghelp.dll

VM Arguments:
jvm_args: -Xmx1536m -Dfile.encoding=windows-1252 -Duser.country=FI -Duser.language=fi -Duser.variant 
java_command: org.gradle.launcher.daemon.bootstrap.GradleDaemon 3.3
java_class_path (initial): C:\Users\Sasu\.gradle\wrapper\dists\gradle-3.3-all\55gk2rcmfc6p2dg9u9ohc3hw9\gradle-3.3\lib\gradle-launcher-3.3.jar
Launcher Type: SUN_STANDARD

Environment Variables:
PATH=C:\ProgramData\Oracle\Java\javapath;C:\Windows\system32;C:\Windows;C:\Windows\System32\Wbem;C:\Windows\System32\WindowsPowerShell\v1.0\;C:\Program Files (x86)\Windows Kits\8.1\Windows Performance Toolkit\;C:\Program Files\Microsoft SQL Server\110\Tools\Binn\;C:\Program Files (x86)\NVIDIA Corporation\PhysX\Common;C:\Program Files (x86)\MySQL\MySQL Server 5.1\bin;C:\WINDOWS\system32;C:\WINDOWS;C:\WINDOWS\System32\Wbem;C:\WINDOWS\System32\WindowsPowerShell\v1.0\;C:\Android;C:\Program Files\TortoiseGit\bin;C:\Program Files (x86)\Skype\Phone\;C:\Users\Sasu\AppData\Local\Microsoft\WindowsApps;
USERNAME=Sasu
OS=Windows_NT
PROCESSOR_IDENTIFIER=Intel64 Family 6 Model 58 Stepping 9, GenuineIntel



---------------  S Y S T E M  ---------------

OS: Windows 10.0 , 64 bit Build 14393 (10.0.14393.0)

CPU:total 4 (4 cores per cpu, 1 threads per core) family 6 model 58 stepping 9, cmov, cx8, fxsr, mmx, sse, sse2, sse3, ssse3, sse4.1, sse4.2, popcnt, avx, aes, clmul, erms, tsc, tscinvbit, tscinv

Memory: 4k page, physical 16670096k(9354748k free), swap 19160464k(11147328k free)

vm_info: Java HotSpot(TM) 64-Bit Server VM (25.51-b03) for windows-amd64 JRE (1.8.0_51-b16), built on Jun  8 2015 18:03:07 by "java_re" with MS VC++ 10.0 (VS2010)

time: Sun Mar 12 01:26:00 2017
elapsed time: 22 seconds (0d 0h 0m 22s)

